<?xml version="1.0" encoding="UTF-8"?>
<robot generator="Robot 5.0 (Python 3.9.10 on win32)" generated="20220527 11:30:22.192" rpa="false" schemaversion="3">
<suite id="s1" name="Demo1" source="C:\Users\Amit\workspace_python\RobotYoutube\Tests\Demo1.robot">
<test id="s1-t1" name="Verification for correct google home page landing" line="15">
<kw name="Open the browser" type="SETUP">
<kw name="Create Webdriver" library="SeleniumLibrary">
<arg>Chrome</arg>
<arg>executable_path=C:/Users/Amit/Drivers/chromedriver</arg>
<doc>Creates an instance of Selenium WebDriver.</doc>
<msg timestamp="20220527 11:30:22.329" level="INFO">Creating an instance of the Chrome WebDriver.</msg>
<status status="PASS" starttime="20220527 11:30:22.329" endtime="20220527 11:30:23.550"/>
</kw>
<kw name="Maximize Browser Window" library="SeleniumLibrary">
<doc>Maximizes current browser window.</doc>
<status status="PASS" starttime="20220527 11:30:23.550" endtime="20220527 11:30:23.690"/>
</kw>
<kw name="Go To" library="SeleniumLibrary">
<arg>https://www.google.com/</arg>
<doc>Navigates the current browser window to the provided ``url``.</doc>
<msg timestamp="20220527 11:30:23.690" level="INFO">Opening url 'https://www.google.com/'</msg>
<status status="PASS" starttime="20220527 11:30:23.690" endtime="20220527 11:30:24.920"/>
</kw>
<status status="PASS" starttime="20220527 11:30:22.329" endtime="20220527 11:30:24.920"/>
</kw>
<kw name="Text presence on landing page">
<arg>Google</arg>
<kw name="Page Should Contain" library="SeleniumLibrary">
<arg>${text}</arg>
<doc>Verifies that current page contains ``text``.</doc>
<msg timestamp="20220527 11:30:24.947" level="INFO">Current page contains text 'Google'.</msg>
<status status="PASS" starttime="20220527 11:30:24.921" endtime="20220527 11:30:24.947"/>
</kw>
<status status="PASS" starttime="20220527 11:30:24.921" endtime="20220527 11:30:24.947"/>
</kw>
<kw name="Close the browser" type="TEARDOWN">
<kw name="Close Browser" library="SeleniumLibrary">
<doc>Closes the current browser.</doc>
<status status="PASS" starttime="20220527 11:30:24.947" endtime="20220527 11:30:27.158"/>
</kw>
<status status="PASS" starttime="20220527 11:30:24.947" endtime="20220527 11:30:27.158"/>
</kw>
<status status="PASS" starttime="20220527 11:30:22.328" endtime="20220527 11:30:27.159"/>
</test>
<doc>This is my first test</doc>
<status status="PASS" starttime="20220527 11:30:22.193" endtime="20220527 11:30:27.160"/>
</suite>
<statistics>
<total>
<stat pass="1" fail="0" skip="0">All Tests</stat>
</total>
<tag>
</tag>
<suite>
<stat pass="1" fail="0" skip="0" id="s1" name="Demo1">Demo1</stat>
</suite>
</statistics>
<errors>
</errors>
</robot>
